<?xml version="1.0" encoding="UTF-8"?>
<TestRun id="a7dc45aa-c932-4fa3-b442-f9947a200f00" name="KHAN@KHAN-PC 2015-05-30 20:11:56" runUser="KHAN-PC\KHAN" xmlns="http://microsoft.com/schemas/VisualStudio/TeamTest/2010">
  <TestSettings name="Local" id="5b2c5f62-c616-40e7-acad-d2f1962650e4">
    <Description>These are default test settings for a local test run.</Description>
    <Deployment enabled="false" runDeploymentRoot="KHAN_KHAN-PC 2015-05-30 20_11_56">
      <DeploymentItem filename="D:\JobTest\ConsoleApplication1\ConsoleApplication1\bin\Debug\ConsoleApplication1.exe" />
    </Deployment>
    <Execution>
      <TestTypeSpecific />
      <AgentRule name="Execution Agents">
      </AgentRule>
    </Execution>
  </TestSettings>
  <Times creation="2015-05-30T20:11:56.6115386+02:00" queuing="2015-05-30T20:11:56.7335456+02:00" start="2015-05-30T20:11:56.8105500+02:00" finish="2015-05-30T20:11:57.4575870+02:00" />
  <ResultSummary outcome="Completed">
    <Counters total="1" executed="1" passed="1" error="0" failed="0" timeout="0" aborted="0" inconclusive="0" passedButRunAborted="0" notRunnable="0" notExecuted="0" disconnected="0" warning="0" completed="0" inProgress="0" pending="0" />
  </ResultSummary>
  <TestDefinitions>
    <UnitTest name="TestUniquePoints" storage="d:\jobtest\consoleapplication1\robotcleanertest\bin\debug\robotcleanertest.dll" id="a1d6b078-0a41-0cd5-20c9-9302c73356d3">
      <Execution id="fd0e67d9-f505-4873-a092-4ab329a9c3c3" />
      <TestMethod codeBase="D:/JobTest/ConsoleApplication1/RobotCleanerTest/bin/Debug/RobotCleanerTest.DLL" adapterTypeName="Microsoft.VisualStudio.TestTools.TestTypes.Unit.UnitTestAdapter, Microsoft.VisualStudio.QualityTools.Tips.UnitTest.Adapter, Version=10.0.0.0, Culture=neutral, PublicKeyToken=b03f5f7f11d50a3a" className="RobotCleanerTest.RobotEnvironmentTest, RobotCleanerTest, Version=1.0.0.0, Culture=neutral, PublicKeyToken=null" name="TestUniquePoints" />
    </UnitTest>
  </TestDefinitions>
  <TestLists>
    <TestList name="Results Not in a List" id="8c84fa94-04c1-424b-9868-57a2d4851a1d" />
    <TestList name="All Loaded Results" id="19431567-8539-422a-85d7-44ee4e166bda" />
  </TestLists>
  <TestEntries>
    <TestEntry testId="a1d6b078-0a41-0cd5-20c9-9302c73356d3" executionId="fd0e67d9-f505-4873-a092-4ab329a9c3c3" testListId="8c84fa94-04c1-424b-9868-57a2d4851a1d" />
  </TestEntries>
  <Results>
    <UnitTestResult executionId="fd0e67d9-f505-4873-a092-4ab329a9c3c3" testId="a1d6b078-0a41-0cd5-20c9-9302c73356d3" testName="TestUniquePoints" computerName="KHAN-PC" duration="00:00:00.0537124" startTime="2015-05-30T20:11:56.8435519+02:00" endTime="2015-05-30T20:11:57.4185848+02:00" testType="13cdc9d9-ddb5-4fa4-a97d-d965ccfc6d4b" outcome="Passed" testListId="8c84fa94-04c1-424b-9868-57a2d4851a1d" relativeResultsDirectory="fd0e67d9-f505-4873-a092-4ab329a9c3c3">
    </UnitTestResult>
  </Results>
</TestRun>