<?xml version="1.0" encoding="UTF-8"?>
<TestRun id="11b9c21c-6ed5-4edc-9cff-cdca436e8fc0" name="KHAN@KHAN-PC 2015-05-30 21:18:47" runUser="KHAN-PC\KHAN" xmlns="http://microsoft.com/schemas/VisualStudio/TeamTest/2010">
  <TestSettings name="Local" id="5b2c5f62-c616-40e7-acad-d2f1962650e4">
    <Description>These are default test settings for a local test run.</Description>
    <Deployment enabled="false" runDeploymentRoot="KHAN_KHAN-PC 2015-05-30 21_18_47">
      <DeploymentItem filename="D:\JobTest\ConsoleApplication1\ConsoleApplication1\bin\Debug\ConsoleApplication1.exe" />
    </Deployment>
    <Execution>
      <TestTypeSpecific />
      <AgentRule name="Execution Agents">
      </AgentRule>
    </Execution>
  </TestSettings>
  <Times creation="2015-05-30T21:18:47.0569230+02:00" queuing="2015-05-30T21:18:50.5541230+02:00" start="2015-05-30T21:18:50.8941424+02:00" finish="2015-05-30T21:19:28.4282893+02:00" />
  <ResultSummary outcome="Error">
    <Counters total="1" executed="1" error="0" failed="0" timeout="0" aborted="1" inconclusive="0" passedButRunAborted="0" notRunnable="0" notExecuted="0" disconnected="0" warning="0" passed="0" completed="0" inProgress="0" pending="0" />
    <RunInfos>
      <RunInfo computerName="KHAN-PC" outcome="Error" timestamp="2015-05-30T21:19:28.4262891+02:00">
        <Text>Test host process exited unexpectedly.</Text>
      </RunInfo>
    </RunInfos>
  </ResultSummary>
  <TestDefinitions>
    <UnitTest name="TestIsValid" storage="d:\jobtest\consoleapplication1\robotcleanertest\bin\debug\robotcleanertest.dll" id="4cc8f9bb-ca7e-e860-8b38-e96f4ae03c44">
      <Execution id="25f325c4-7aa8-4a32-b213-d91d0c9d2194" />
      <TestMethod codeBase="D:/JobTest/ConsoleApplication1/RobotCleanerTest/bin/Debug/RobotCleanerTest.DLL" adapterTypeName="Microsoft.VisualStudio.TestTools.TestTypes.Unit.UnitTestAdapter, Microsoft.VisualStudio.QualityTools.Tips.UnitTest.Adapter, Version=10.0.0.0, Culture=neutral, PublicKeyToken=b03f5f7f11d50a3a" className="RobotCleanerTest.UserInputTest, RobotCleanerTest, Version=1.0.0.0, Culture=neutral, PublicKeyToken=null" name="TestIsValid" />
    </UnitTest>
  </TestDefinitions>
  <TestLists>
    <TestList name="Results Not in a List" id="8c84fa94-04c1-424b-9868-57a2d4851a1d" />
    <TestList name="All Loaded Results" id="19431567-8539-422a-85d7-44ee4e166bda" />
  </TestLists>
  <TestEntries>
    <TestEntry testId="4cc8f9bb-ca7e-e860-8b38-e96f4ae03c44" executionId="25f325c4-7aa8-4a32-b213-d91d0c9d2194" testListId="8c84fa94-04c1-424b-9868-57a2d4851a1d" />
  </TestEntries>
  <Results>
    <UnitTestResult executionId="25f325c4-7aa8-4a32-b213-d91d0c9d2194" testId="4cc8f9bb-ca7e-e860-8b38-e96f4ae03c44" testName="TestIsValid" computerName="KHAN-PC" duration="00:00:37.1131228" startTime="2015-05-30T21:18:51.3151665+02:00" endTime="2015-05-30T21:19:28.4282893+02:00" testType="13cdc9d9-ddb5-4fa4-a97d-d965ccfc6d4b" outcome="Aborted" testListId="8c84fa94-04c1-424b-9868-57a2d4851a1d" relativeResultsDirectory="25f325c4-7aa8-4a32-b213-d91d0c9d2194">
    </UnitTestResult>
  </Results>
</TestRun>