<?xml version="1.0" encoding="UTF-8"?>
<TestRun id="ab921b3a-33fe-4220-9bcf-f6d0d3410f67" name="KHAN@KHAN-PC 2015-05-30 18:03:50" runUser="KHAN-PC\KHAN" xmlns="http://microsoft.com/schemas/VisualStudio/TeamTest/2010">
  <TestSettings name="Local" id="5b2c5f62-c616-40e7-acad-d2f1962650e4">
    <Description>These are default test settings for a local test run.</Description>
    <Deployment enabled="false" runDeploymentRoot="KHAN_KHAN-PC 2015-05-30 18_03_50">
      <DeploymentItem filename="D:\JobTest\ConsoleApplication1\ConsoleApplication1\bin\Debug\ConsoleApplication1.exe" />
    </Deployment>
    <Execution>
      <TestTypeSpecific />
      <AgentRule name="Execution Agents">
      </AgentRule>
    </Execution>
  </TestSettings>
  <Times creation="2015-05-30T18:03:50.7499325+02:00" queuing="2015-05-30T18:03:50.8639390+02:00" start="2015-05-30T18:03:50.8769397+02:00" finish="2015-05-30T18:03:51.4549728+02:00" />
  <ResultSummary outcome="Completed">
    <Counters total="1" executed="1" passed="1" error="0" failed="0" timeout="0" aborted="0" inconclusive="0" passedButRunAborted="0" notRunnable="0" notExecuted="0" disconnected="0" warning="0" completed="0" inProgress="0" pending="0" />
  </ResultSummary>
  <TestDefinitions>
    <UnitTest name="TestRobotStartingPoint" storage="d:\jobtest\consoleapplication1\robotcleanertest\bin\debug\robotcleanertest.dll" id="478759fa-e84d-cd4c-e744-fb400b3bff29">
      <Execution id="c7fe482e-6f86-4a0b-b240-6b707eedd46a" />
      <TestMethod codeBase="D:/JobTest/ConsoleApplication1/RobotCleanerTest/bin/Debug/RobotCleanerTest.DLL" adapterTypeName="Microsoft.VisualStudio.TestTools.TestTypes.Unit.UnitTestAdapter, Microsoft.VisualStudio.QualityTools.Tips.UnitTest.Adapter, Version=10.0.0.0, Culture=neutral, PublicKeyToken=b03f5f7f11d50a3a" className="RobotCleanerTest.RobotEnvironmentTest, RobotCleanerTest, Version=1.0.0.0, Culture=neutral, PublicKeyToken=null" name="TestRobotStartingPoint" />
    </UnitTest>
  </TestDefinitions>
  <TestLists>
    <TestList name="Results Not in a List" id="8c84fa94-04c1-424b-9868-57a2d4851a1d" />
    <TestList name="All Loaded Results" id="19431567-8539-422a-85d7-44ee4e166bda" />
  </TestLists>
  <TestEntries>
    <TestEntry testId="478759fa-e84d-cd4c-e744-fb400b3bff29" executionId="c7fe482e-6f86-4a0b-b240-6b707eedd46a" testListId="8c84fa94-04c1-424b-9868-57a2d4851a1d" />
  </TestEntries>
  <Results>
    <UnitTestResult executionId="c7fe482e-6f86-4a0b-b240-6b707eedd46a" testId="478759fa-e84d-cd4c-e744-fb400b3bff29" testName="TestRobotStartingPoint" computerName="KHAN-PC" duration="00:00:00.0354511" startTime="2015-05-30T18:03:50.9019412+02:00" endTime="2015-05-30T18:03:51.4229710+02:00" testType="13cdc9d9-ddb5-4fa4-a97d-d965ccfc6d4b" outcome="Passed" testListId="8c84fa94-04c1-424b-9868-57a2d4851a1d" relativeResultsDirectory="c7fe482e-6f86-4a0b-b240-6b707eedd46a">
    </UnitTestResult>
  </Results>
</TestRun>