<?xml version="1.0" encoding="UTF-8"?>
<TestRun id="adcf6bda-9d5d-4a48-914d-391d7446239a" name="KHAN@KHAN-PC 2015-05-30 18:04:18" runUser="KHAN-PC\KHAN" xmlns="http://microsoft.com/schemas/VisualStudio/TeamTest/2010">
  <TestSettings name="Local" id="5b2c5f62-c616-40e7-acad-d2f1962650e4">
    <Description>These are default test settings for a local test run.</Description>
    <Deployment enabled="false" runDeploymentRoot="KHAN_KHAN-PC 2015-05-30 18_04_18">
      <DeploymentItem filename="D:\JobTest\ConsoleApplication1\ConsoleApplication1\bin\Debug\ConsoleApplication1.exe" />
    </Deployment>
    <Execution>
      <TestTypeSpecific />
      <AgentRule name="Execution Agents">
      </AgentRule>
    </Execution>
  </TestSettings>
  <Times creation="2015-05-30T18:04:18.1474995+02:00" queuing="2015-05-30T18:04:18.3505111+02:00" start="2015-05-30T18:04:18.3765126+02:00" finish="2015-05-30T18:04:19.2005597+02:00" />
  <ResultSummary outcome="Completed">
    <Counters total="10" executed="10" passed="10" error="0" failed="0" timeout="0" aborted="0" inconclusive="0" passedButRunAborted="0" notRunnable="0" notExecuted="0" disconnected="0" warning="0" completed="0" inProgress="0" pending="0" />
  </ResultSummary>
  <TestDefinitions>
    <UnitTest name="TestHeadEast" storage="d:\jobtest\consoleapplication1\robotcleanertest\bin\debug\robotcleanertest.dll" id="78e4ce9b-cecb-923e-75ac-997d32318f4b">
      <Execution id="1cf8d14a-f0d6-4f52-8a45-6378a2a5ba3c" />
      <TestMethod codeBase="D:/JobTest/ConsoleApplication1/RobotCleanerTest/bin/Debug/RobotCleanerTest.DLL" adapterTypeName="Microsoft.VisualStudio.TestTools.TestTypes.Unit.UnitTestAdapter, Microsoft.VisualStudio.QualityTools.Tips.UnitTest.Adapter, Version=10.0.0.0, Culture=neutral, PublicKeyToken=b03f5f7f11d50a3a" className="RobotCleanerTest.RobotEnvironmentTest, RobotCleanerTest, Version=1.0.0.0, Culture=neutral, PublicKeyToken=null" name="TestHeadEast" />
    </UnitTest>
    <UnitTest name="TestRobotStartingPoint" storage="d:\jobtest\consoleapplication1\robotcleanertest\bin\debug\robotcleanertest.dll" id="478759fa-e84d-cd4c-e744-fb400b3bff29">
      <Execution id="e394864b-e6e8-4ba8-b1f0-c786636573ad" />
      <TestMethod codeBase="D:/JobTest/ConsoleApplication1/RobotCleanerTest/bin/Debug/RobotCleanerTest.DLL" adapterTypeName="Microsoft.VisualStudio.TestTools.TestTypes.Unit.UnitTestAdapter, Microsoft.VisualStudio.QualityTools.Tips.UnitTest.Adapter, Version=10.0.0.0, Culture=neutral, PublicKeyToken=b03f5f7f11d50a3a" className="RobotCleanerTest.RobotEnvironmentTest, RobotCleanerTest, Version=1.0.0.0, Culture=neutral, PublicKeyToken=null" name="TestRobotStartingPoint" />
    </UnitTest>
    <UnitTest name="TestRobotConstructor" storage="d:\jobtest\consoleapplication1\robotcleanertest\bin\debug\robotcleanertest.dll" id="933bdbc8-18e3-5b98-7fb2-7ed8162b8c4b">
      <Execution id="3285cc8d-5fd4-4eeb-9c5a-65b571411193" />
      <TestMethod codeBase="D:/JobTest/ConsoleApplication1/RobotCleanerTest/bin/Debug/RobotCleanerTest.DLL" adapterTypeName="Microsoft.VisualStudio.TestTools.TestTypes.Unit.UnitTestAdapter, Microsoft.VisualStudio.QualityTools.Tips.UnitTest.Adapter, Version=10.0.0.0, Culture=neutral, PublicKeyToken=b03f5f7f11d50a3a" className="RobotCleanerTest.RobotTest, RobotCleanerTest, Version=1.0.0.0, Culture=neutral, PublicKeyToken=null" name="TestRobotConstructor" />
    </UnitTest>
    <UnitTest name="TestGetSet" storage="d:\jobtest\consoleapplication1\robotcleanertest\bin\debug\robotcleanertest.dll" id="d17f595f-a6f2-edbd-b424-22eac5c3b1e0">
      <Execution id="c8cc30a6-b63b-41fc-b713-784f02f9c4db" />
      <TestMethod codeBase="D:/JobTest/ConsoleApplication1/RobotCleanerTest/bin/Debug/RobotCleanerTest.DLL" adapterTypeName="Microsoft.VisualStudio.TestTools.TestTypes.Unit.UnitTestAdapter, Microsoft.VisualStudio.QualityTools.Tips.UnitTest.Adapter, Version=10.0.0.0, Culture=neutral, PublicKeyToken=b03f5f7f11d50a3a" className="RobotCleanerTest.RobotTest, RobotCleanerTest, Version=1.0.0.0, Culture=neutral, PublicKeyToken=null" name="TestGetSet" />
    </UnitTest>
    <UnitTest name="TestIsValid" storage="d:\jobtest\consoleapplication1\robotcleanertest\bin\debug\robotcleanertest.dll" id="4cc8f9bb-ca7e-e860-8b38-e96f4ae03c44">
      <Execution id="fa1e57bc-a4e3-42b7-bc90-9df6eeca7897" />
      <TestMethod codeBase="D:/JobTest/ConsoleApplication1/RobotCleanerTest/bin/Debug/RobotCleanerTest.DLL" adapterTypeName="Microsoft.VisualStudio.TestTools.TestTypes.Unit.UnitTestAdapter, Microsoft.VisualStudio.QualityTools.Tips.UnitTest.Adapter, Version=10.0.0.0, Culture=neutral, PublicKeyToken=b03f5f7f11d50a3a" className="RobotCleanerTest.UserInputTest, RobotCleanerTest, Version=1.0.0.0, Culture=neutral, PublicKeyToken=null" name="TestIsValid" />
    </UnitTest>
    <UnitTest name="TestHeadWest" storage="d:\jobtest\consoleapplication1\robotcleanertest\bin\debug\robotcleanertest.dll" id="3705d86d-b764-32e9-49c3-40e90af23706">
      <Execution id="ee5390b0-7f15-4d37-aff5-797c57846a05" />
      <TestMethod codeBase="D:/JobTest/ConsoleApplication1/RobotCleanerTest/bin/Debug/RobotCleanerTest.DLL" adapterTypeName="Microsoft.VisualStudio.TestTools.TestTypes.Unit.UnitTestAdapter, Microsoft.VisualStudio.QualityTools.Tips.UnitTest.Adapter, Version=10.0.0.0, Culture=neutral, PublicKeyToken=b03f5f7f11d50a3a" className="RobotCleanerTest.RobotEnvironmentTest, RobotCleanerTest, Version=1.0.0.0, Culture=neutral, PublicKeyToken=null" name="TestHeadWest" />
    </UnitTest>
    <UnitTest name="TestHeadSouth" storage="d:\jobtest\consoleapplication1\robotcleanertest\bin\debug\robotcleanertest.dll" id="23f04516-95f5-5b1d-3158-e0a29697e3f0">
      <Execution id="9485a182-88be-4343-9935-11355554e96f" />
      <TestMethod codeBase="D:/JobTest/ConsoleApplication1/RobotCleanerTest/bin/Debug/RobotCleanerTest.DLL" adapterTypeName="Microsoft.VisualStudio.TestTools.TestTypes.Unit.UnitTestAdapter, Microsoft.VisualStudio.QualityTools.Tips.UnitTest.Adapter, Version=10.0.0.0, Culture=neutral, PublicKeyToken=b03f5f7f11d50a3a" className="RobotCleanerTest.RobotEnvironmentTest, RobotCleanerTest, Version=1.0.0.0, Culture=neutral, PublicKeyToken=null" name="TestHeadSouth" />
    </UnitTest>
    <UnitTest name="TestHeadNorth" storage="d:\jobtest\consoleapplication1\robotcleanertest\bin\debug\robotcleanertest.dll" id="2d9a1d25-94f8-96cb-1107-5460a65ecf03">
      <Execution id="f277dbb6-f213-4416-92ef-cadf61ad3dad" />
      <TestMethod codeBase="D:/JobTest/ConsoleApplication1/RobotCleanerTest/bin/Debug/RobotCleanerTest.DLL" adapterTypeName="Microsoft.VisualStudio.TestTools.TestTypes.Unit.UnitTestAdapter, Microsoft.VisualStudio.QualityTools.Tips.UnitTest.Adapter, Version=10.0.0.0, Culture=neutral, PublicKeyToken=b03f5f7f11d50a3a" className="RobotCleanerTest.RobotEnvironmentTest, RobotCleanerTest, Version=1.0.0.0, Culture=neutral, PublicKeyToken=null" name="TestHeadNorth" />
    </UnitTest>
    <UnitTest name="TestUniquePoints" storage="d:\jobtest\consoleapplication1\robotcleanertest\bin\debug\robotcleanertest.dll" id="a1d6b078-0a41-0cd5-20c9-9302c73356d3">
      <Execution id="a6027de2-2ca0-4966-a314-29035a3e00d8" />
      <TestMethod codeBase="D:/JobTest/ConsoleApplication1/RobotCleanerTest/bin/Debug/RobotCleanerTest.DLL" adapterTypeName="Microsoft.VisualStudio.TestTools.TestTypes.Unit.UnitTestAdapter, Microsoft.VisualStudio.QualityTools.Tips.UnitTest.Adapter, Version=10.0.0.0, Culture=neutral, PublicKeyToken=b03f5f7f11d50a3a" className="RobotCleanerTest.RobotEnvironmentTest, RobotCleanerTest, Version=1.0.0.0, Culture=neutral, PublicKeyToken=null" name="TestUniquePoints" />
    </UnitTest>
    <UnitTest name="TestDirection" storage="d:\jobtest\consoleapplication1\robotcleanertest\bin\debug\robotcleanertest.dll" id="39cda155-5b1c-7acc-0f2d-25ec469f8c71">
      <Execution id="3057b3dc-34ed-4bd2-911a-6e64a14fa56f" />
      <TestMethod codeBase="D:/JobTest/ConsoleApplication1/RobotCleanerTest/bin/Debug/RobotCleanerTest.DLL" adapterTypeName="Microsoft.VisualStudio.TestTools.TestTypes.Unit.UnitTestAdapter, Microsoft.VisualStudio.QualityTools.Tips.UnitTest.Adapter, Version=10.0.0.0, Culture=neutral, PublicKeyToken=b03f5f7f11d50a3a" className="RobotCleanerTest.DirectionTest, RobotCleanerTest, Version=1.0.0.0, Culture=neutral, PublicKeyToken=null" name="TestDirection" />
    </UnitTest>
  </TestDefinitions>
  <TestLists>
    <TestList name="Results Not in a List" id="8c84fa94-04c1-424b-9868-57a2d4851a1d" />
    <TestList name="All Loaded Results" id="19431567-8539-422a-85d7-44ee4e166bda" />
  </TestLists>
  <TestEntries>
    <TestEntry testId="d17f595f-a6f2-edbd-b424-22eac5c3b1e0" executionId="c8cc30a6-b63b-41fc-b713-784f02f9c4db" testListId="8c84fa94-04c1-424b-9868-57a2d4851a1d" />
    <TestEntry testId="933bdbc8-18e3-5b98-7fb2-7ed8162b8c4b" executionId="3285cc8d-5fd4-4eeb-9c5a-65b571411193" testListId="8c84fa94-04c1-424b-9868-57a2d4851a1d" />
    <TestEntry testId="4cc8f9bb-ca7e-e860-8b38-e96f4ae03c44" executionId="fa1e57bc-a4e3-42b7-bc90-9df6eeca7897" testListId="8c84fa94-04c1-424b-9868-57a2d4851a1d" />
    <TestEntry testId="39cda155-5b1c-7acc-0f2d-25ec469f8c71" executionId="3057b3dc-34ed-4bd2-911a-6e64a14fa56f" testListId="8c84fa94-04c1-424b-9868-57a2d4851a1d" />
    <TestEntry testId="478759fa-e84d-cd4c-e744-fb400b3bff29" executionId="e394864b-e6e8-4ba8-b1f0-c786636573ad" testListId="8c84fa94-04c1-424b-9868-57a2d4851a1d" />
    <TestEntry testId="78e4ce9b-cecb-923e-75ac-997d32318f4b" executionId="1cf8d14a-f0d6-4f52-8a45-6378a2a5ba3c" testListId="8c84fa94-04c1-424b-9868-57a2d4851a1d" />
    <TestEntry testId="3705d86d-b764-32e9-49c3-40e90af23706" executionId="ee5390b0-7f15-4d37-aff5-797c57846a05" testListId="8c84fa94-04c1-424b-9868-57a2d4851a1d" />
    <TestEntry testId="2d9a1d25-94f8-96cb-1107-5460a65ecf03" executionId="f277dbb6-f213-4416-92ef-cadf61ad3dad" testListId="8c84fa94-04c1-424b-9868-57a2d4851a1d" />
    <TestEntry testId="23f04516-95f5-5b1d-3158-e0a29697e3f0" executionId="9485a182-88be-4343-9935-11355554e96f" testListId="8c84fa94-04c1-424b-9868-57a2d4851a1d" />
    <TestEntry testId="a1d6b078-0a41-0cd5-20c9-9302c73356d3" executionId="a6027de2-2ca0-4966-a314-29035a3e00d8" testListId="8c84fa94-04c1-424b-9868-57a2d4851a1d" />
  </TestEntries>
  <Results>
    <UnitTestResult executionId="c8cc30a6-b63b-41fc-b713-784f02f9c4db" testId="d17f595f-a6f2-edbd-b424-22eac5c3b1e0" testName="TestGetSet" computerName="KHAN-PC" duration="00:00:00.0363968" startTime="2015-05-30T18:04:18.3925135+02:00" endTime="2015-05-30T18:04:19.0365504+02:00" testType="13cdc9d9-ddb5-4fa4-a97d-d965ccfc6d4b" outcome="Passed" testListId="8c84fa94-04c1-424b-9868-57a2d4851a1d" relativeResultsDirectory="c8cc30a6-b63b-41fc-b713-784f02f9c4db">
    </UnitTestResult>
    <UnitTestResult executionId="3285cc8d-5fd4-4eeb-9c5a-65b571411193" testId="933bdbc8-18e3-5b98-7fb2-7ed8162b8c4b" testName="TestRobotConstructor" computerName="KHAN-PC" duration="00:00:00.0008294" startTime="2015-05-30T18:04:19.0465509+02:00" endTime="2015-05-30T18:04:19.0525513+02:00" testType="13cdc9d9-ddb5-4fa4-a97d-d965ccfc6d4b" outcome="Passed" testListId="8c84fa94-04c1-424b-9868-57a2d4851a1d" relativeResultsDirectory="3285cc8d-5fd4-4eeb-9c5a-65b571411193">
    </UnitTestResult>
    <UnitTestResult executionId="fa1e57bc-a4e3-42b7-bc90-9df6eeca7897" testId="4cc8f9bb-ca7e-e860-8b38-e96f4ae03c44" testName="TestIsValid" computerName="KHAN-PC" duration="00:00:00.0026999" startTime="2015-05-30T18:04:19.0615518+02:00" endTime="2015-05-30T18:04:19.0695522+02:00" testType="13cdc9d9-ddb5-4fa4-a97d-d965ccfc6d4b" outcome="Passed" testListId="8c84fa94-04c1-424b-9868-57a2d4851a1d" relativeResultsDirectory="fa1e57bc-a4e3-42b7-bc90-9df6eeca7897">
    </UnitTestResult>
    <UnitTestResult executionId="3057b3dc-34ed-4bd2-911a-6e64a14fa56f" testId="39cda155-5b1c-7acc-0f2d-25ec469f8c71" testName="TestDirection" computerName="KHAN-PC" duration="00:00:00.0020416" startTime="2015-05-30T18:04:19.0785528+02:00" endTime="2015-05-30T18:04:19.0865532+02:00" testType="13cdc9d9-ddb5-4fa4-a97d-d965ccfc6d4b" outcome="Passed" testListId="8c84fa94-04c1-424b-9868-57a2d4851a1d" relativeResultsDirectory="3057b3dc-34ed-4bd2-911a-6e64a14fa56f">
    </UnitTestResult>
    <UnitTestResult executionId="e394864b-e6e8-4ba8-b1f0-c786636573ad" testId="478759fa-e84d-cd4c-e744-fb400b3bff29" testName="TestRobotStartingPoint" computerName="KHAN-PC" duration="00:00:00.0020324" startTime="2015-05-30T18:04:19.0955537+02:00" endTime="2015-05-30T18:04:19.1015541+02:00" testType="13cdc9d9-ddb5-4fa4-a97d-d965ccfc6d4b" outcome="Passed" testListId="8c84fa94-04c1-424b-9868-57a2d4851a1d" relativeResultsDirectory="e394864b-e6e8-4ba8-b1f0-c786636573ad">
    </UnitTestResult>
    <UnitTestResult executionId="1cf8d14a-f0d6-4f52-8a45-6378a2a5ba3c" testId="78e4ce9b-cecb-923e-75ac-997d32318f4b" testName="TestHeadEast" computerName="KHAN-PC" duration="00:00:00.0015343" startTime="2015-05-30T18:04:19.1105546+02:00" endTime="2015-05-30T18:04:19.1155549+02:00" testType="13cdc9d9-ddb5-4fa4-a97d-d965ccfc6d4b" outcome="Passed" testListId="8c84fa94-04c1-424b-9868-57a2d4851a1d" relativeResultsDirectory="1cf8d14a-f0d6-4f52-8a45-6378a2a5ba3c">
    </UnitTestResult>
    <UnitTestResult executionId="ee5390b0-7f15-4d37-aff5-797c57846a05" testId="3705d86d-b764-32e9-49c3-40e90af23706" testName="TestHeadWest" computerName="KHAN-PC" duration="00:00:00.0014185" startTime="2015-05-30T18:04:19.1245554+02:00" endTime="2015-05-30T18:04:19.1315558+02:00" testType="13cdc9d9-ddb5-4fa4-a97d-d965ccfc6d4b" outcome="Passed" testListId="8c84fa94-04c1-424b-9868-57a2d4851a1d" relativeResultsDirectory="ee5390b0-7f15-4d37-aff5-797c57846a05">
    </UnitTestResult>
    <UnitTestResult executionId="f277dbb6-f213-4416-92ef-cadf61ad3dad" testId="2d9a1d25-94f8-96cb-1107-5460a65ecf03" testName="TestHeadNorth" computerName="KHAN-PC" duration="00:00:00.0009515" startTime="2015-05-30T18:04:19.1395563+02:00" endTime="2015-05-30T18:04:19.1455566+02:00" testType="13cdc9d9-ddb5-4fa4-a97d-d965ccfc6d4b" outcome="Passed" testListId="8c84fa94-04c1-424b-9868-57a2d4851a1d" relativeResultsDirectory="f277dbb6-f213-4416-92ef-cadf61ad3dad">
    </UnitTestResult>
    <UnitTestResult executionId="9485a182-88be-4343-9935-11355554e96f" testId="23f04516-95f5-5b1d-3158-e0a29697e3f0" testName="TestHeadSouth" computerName="KHAN-PC" duration="00:00:00.0009617" startTime="2015-05-30T18:04:19.1535571+02:00" endTime="2015-05-30T18:04:19.1585573+02:00" testType="13cdc9d9-ddb5-4fa4-a97d-d965ccfc6d4b" outcome="Passed" testListId="8c84fa94-04c1-424b-9868-57a2d4851a1d" relativeResultsDirectory="9485a182-88be-4343-9935-11355554e96f">
    </UnitTestResult>
    <UnitTestResult executionId="a6027de2-2ca0-4966-a314-29035a3e00d8" testId="a1d6b078-0a41-0cd5-20c9-9302c73356d3" testName="TestUniquePoints" computerName="KHAN-PC" duration="00:00:00.0005036" startTime="2015-05-30T18:04:19.1655577+02:00" endTime="2015-05-30T18:04:19.1705580+02:00" testType="13cdc9d9-ddb5-4fa4-a97d-d965ccfc6d4b" outcome="Passed" testListId="8c84fa94-04c1-424b-9868-57a2d4851a1d" relativeResultsDirectory="a6027de2-2ca0-4966-a314-29035a3e00d8">
    </UnitTestResult>
  </Results>
</TestRun>