<?xml version="1.0" encoding="UTF-8"?>
<TestRun id="aeef1cf7-b06c-427d-b156-60955f32ec6e" name="KHAN@KHAN-PC 2015-05-30 20:11:34" runUser="KHAN-PC\KHAN" xmlns="http://microsoft.com/schemas/VisualStudio/TeamTest/2010">
  <TestSettings name="Local" id="5b2c5f62-c616-40e7-acad-d2f1962650e4">
    <Description>These are default test settings for a local test run.</Description>
    <Deployment enabled="false" runDeploymentRoot="KHAN_KHAN-PC 2015-05-30 20_11_34">
      <DeploymentItem filename="D:\JobTest\ConsoleApplication1\ConsoleApplication1\bin\Debug\ConsoleApplication1.exe" />
    </Deployment>
    <Execution>
      <TestTypeSpecific />
      <AgentRule name="Execution Agents">
      </AgentRule>
    </Execution>
  </TestSettings>
  <Times creation="2015-05-30T20:11:34.2802613+02:00" queuing="2015-05-30T20:11:34.4252696+02:00" start="2015-05-30T20:11:34.4422706+02:00" finish="2015-05-30T20:11:35.1333101+02:00" />
  <ResultSummary outcome="Failed">
    <Counters total="1" executed="1" error="0" failed="1" timeout="0" aborted="0" inconclusive="0" passedButRunAborted="0" notRunnable="0" notExecuted="0" disconnected="0" warning="0" passed="0" completed="0" inProgress="0" pending="0" />
  </ResultSummary>
  <TestDefinitions>
    <UnitTest name="TestUniquePoints" storage="d:\jobtest\consoleapplication1\robotcleanertest\bin\debug\robotcleanertest.dll" id="a1d6b078-0a41-0cd5-20c9-9302c73356d3">
      <Execution id="39fd91ac-93c7-4337-9f13-eff772fc944e" />
      <TestMethod codeBase="D:/JobTest/ConsoleApplication1/RobotCleanerTest/bin/Debug/RobotCleanerTest.DLL" adapterTypeName="Microsoft.VisualStudio.TestTools.TestTypes.Unit.UnitTestAdapter, Microsoft.VisualStudio.QualityTools.Tips.UnitTest.Adapter, Version=10.0.0.0, Culture=neutral, PublicKeyToken=b03f5f7f11d50a3a" className="RobotCleanerTest.RobotEnvironmentTest, RobotCleanerTest, Version=1.0.0.0, Culture=neutral, PublicKeyToken=null" name="TestUniquePoints" />
    </UnitTest>
  </TestDefinitions>
  <TestLists>
    <TestList name="Results Not in a List" id="8c84fa94-04c1-424b-9868-57a2d4851a1d" />
    <TestList name="All Loaded Results" id="19431567-8539-422a-85d7-44ee4e166bda" />
  </TestLists>
  <TestEntries>
    <TestEntry testId="a1d6b078-0a41-0cd5-20c9-9302c73356d3" executionId="39fd91ac-93c7-4337-9f13-eff772fc944e" testListId="8c84fa94-04c1-424b-9868-57a2d4851a1d" />
  </TestEntries>
  <Results>
    <UnitTestResult executionId="39fd91ac-93c7-4337-9f13-eff772fc944e" testId="a1d6b078-0a41-0cd5-20c9-9302c73356d3" testName="TestUniquePoints" computerName="KHAN-PC" duration="00:00:00.0831501" startTime="2015-05-30T20:11:34.4562714+02:00" endTime="2015-05-30T20:11:35.0933078+02:00" testType="13cdc9d9-ddb5-4fa4-a97d-d965ccfc6d4b" outcome="Failed" testListId="8c84fa94-04c1-424b-9868-57a2d4851a1d" relativeResultsDirectory="39fd91ac-93c7-4337-9f13-eff772fc944e">
      <Output>
        <ErrorInfo>
          <Message>Assert.AreEqual failed. Expected:&lt;36&gt;. Actual:&lt;6&gt;. </Message>
          <StackTrace>   at RobotCleanerTest.RobotEnvironmentTest.TestUniquePoints() in D:\JobTest\ConsoleApplication1\RobotCleanerTest\RobotEnvironmentTest.cs:line 45
</StackTrace>
        </ErrorInfo>
      </Output>
    </UnitTestResult>
  </Results>
</TestRun>