<?xml version="1.0" encoding="UTF-8"?>
<TestRun id="047ee0d0-293c-4d3c-8a71-6f995bfbe245" name="KHAN@KHAN-PC 2015-05-30 21:10:05" runUser="KHAN-PC\KHAN" xmlns="http://microsoft.com/schemas/VisualStudio/TeamTest/2010">
  <TestSettings name="Local" id="5b2c5f62-c616-40e7-acad-d2f1962650e4">
    <Description>These are default test settings for a local test run.</Description>
    <Deployment enabled="false" runDeploymentRoot="KHAN_KHAN-PC 2015-05-30 21_10_05">
      <DeploymentItem filename="D:\JobTest\ConsoleApplication1\ConsoleApplication1\bin\Debug\ConsoleApplication1.exe" />
    </Deployment>
    <Execution>
      <TestTypeSpecific />
      <AgentRule name="Execution Agents">
      </AgentRule>
    </Execution>
  </TestSettings>
  <Times creation="2015-05-30T21:10:05.3160811+02:00" queuing="2015-05-30T21:10:08.8072808+02:00" start="2015-05-30T21:10:09.0332937+02:00" finish="2015-05-30T21:11:50.3810905+02:00" />
  <ResultSummary outcome="Error">
    <Counters total="1" executed="1" error="0" failed="0" timeout="0" aborted="1" inconclusive="0" passedButRunAborted="0" notRunnable="0" notExecuted="0" disconnected="0" warning="0" passed="0" completed="0" inProgress="0" pending="0" />
    <RunInfos>
      <RunInfo computerName="KHAN-PC" outcome="Error" timestamp="2015-05-30T21:11:50.3770902+02:00">
        <Text>Test host process exited unexpectedly.</Text>
      </RunInfo>
    </RunInfos>
  </ResultSummary>
  <TestDefinitions>
    <UnitTest name="TestBoundryLimits" storage="d:\jobtest\consoleapplication1\robotcleanertest\bin\debug\robotcleanertest.dll" id="f72c52ab-7b92-6dde-acfd-7351520e732c">
      <Execution id="feef5cd3-d16c-4cd3-a375-31549d3a8c09" />
      <TestMethod codeBase="D:/JobTest/ConsoleApplication1/RobotCleanerTest/bin/Debug/RobotCleanerTest.DLL" adapterTypeName="Microsoft.VisualStudio.TestTools.TestTypes.Unit.UnitTestAdapter, Microsoft.VisualStudio.QualityTools.Tips.UnitTest.Adapter, Version=10.0.0.0, Culture=neutral, PublicKeyToken=b03f5f7f11d50a3a" className="RobotCleanerTest.RobotEnvironmentTest, RobotCleanerTest, Version=1.0.0.0, Culture=neutral, PublicKeyToken=null" name="TestBoundryLimits" />
    </UnitTest>
  </TestDefinitions>
  <TestLists>
    <TestList name="Results Not in a List" id="8c84fa94-04c1-424b-9868-57a2d4851a1d" />
    <TestList name="All Loaded Results" id="19431567-8539-422a-85d7-44ee4e166bda" />
  </TestLists>
  <TestEntries>
    <TestEntry testId="f72c52ab-7b92-6dde-acfd-7351520e732c" executionId="feef5cd3-d16c-4cd3-a375-31549d3a8c09" testListId="8c84fa94-04c1-424b-9868-57a2d4851a1d" />
  </TestEntries>
  <Results>
    <UnitTestResult executionId="feef5cd3-d16c-4cd3-a375-31549d3a8c09" testId="f72c52ab-7b92-6dde-acfd-7351520e732c" testName="TestBoundryLimits" computerName="KHAN-PC" duration="00:01:41.0827816" startTime="2015-05-30T21:10:09.2983089+02:00" endTime="2015-05-30T21:11:50.3810905+02:00" testType="13cdc9d9-ddb5-4fa4-a97d-d965ccfc6d4b" outcome="Aborted" testListId="8c84fa94-04c1-424b-9868-57a2d4851a1d" relativeResultsDirectory="feef5cd3-d16c-4cd3-a375-31549d3a8c09">
    </UnitTestResult>
  </Results>
</TestRun>