<?xml version="1.0" encoding="UTF-8"?>
<TestRun id="72864dd7-c3bf-4a28-833d-38700754ac39" name="KHAN@KHAN-PC 2015-05-30 20:11:08" runUser="KHAN-PC\KHAN" xmlns="http://microsoft.com/schemas/VisualStudio/TeamTest/2010">
  <TestSettings name="Local" id="5b2c5f62-c616-40e7-acad-d2f1962650e4">
    <Description>These are default test settings for a local test run.</Description>
    <Deployment enabled="false" runDeploymentRoot="KHAN_KHAN-PC 2015-05-30 20_11_08">
      <DeploymentItem filename="D:\JobTest\ConsoleApplication1\ConsoleApplication1\bin\Debug\ConsoleApplication1.exe" />
    </Deployment>
    <Execution>
      <TestTypeSpecific />
      <AgentRule name="Execution Agents">
      </AgentRule>
    </Execution>
  </TestSettings>
  <Times creation="2015-05-30T20:11:08.2457722+02:00" queuing="2015-05-30T20:11:08.4587844+02:00" start="2015-05-30T20:11:08.5467894+02:00" finish="2015-05-30T20:11:09.4308400+02:00" />
  <ResultSummary outcome="Failed">
    <Counters total="1" executed="1" error="0" failed="1" timeout="0" aborted="0" inconclusive="0" passedButRunAborted="0" notRunnable="0" notExecuted="0" disconnected="0" warning="0" passed="0" completed="0" inProgress="0" pending="0" />
  </ResultSummary>
  <TestDefinitions>
    <UnitTest name="TestUniquePoints" storage="d:\jobtest\consoleapplication1\robotcleanertest\bin\debug\robotcleanertest.dll" id="a1d6b078-0a41-0cd5-20c9-9302c73356d3">
      <Execution id="49b3420c-d87c-4725-823e-cab06ce8d333" />
      <TestMethod codeBase="D:/JobTest/ConsoleApplication1/RobotCleanerTest/bin/Debug/RobotCleanerTest.DLL" adapterTypeName="Microsoft.VisualStudio.TestTools.TestTypes.Unit.UnitTestAdapter, Microsoft.VisualStudio.QualityTools.Tips.UnitTest.Adapter, Version=10.0.0.0, Culture=neutral, PublicKeyToken=b03f5f7f11d50a3a" className="RobotCleanerTest.RobotEnvironmentTest, RobotCleanerTest, Version=1.0.0.0, Culture=neutral, PublicKeyToken=null" name="TestUniquePoints" />
    </UnitTest>
  </TestDefinitions>
  <TestLists>
    <TestList name="Results Not in a List" id="8c84fa94-04c1-424b-9868-57a2d4851a1d" />
    <TestList name="All Loaded Results" id="19431567-8539-422a-85d7-44ee4e166bda" />
  </TestLists>
  <TestEntries>
    <TestEntry testId="a1d6b078-0a41-0cd5-20c9-9302c73356d3" executionId="49b3420c-d87c-4725-823e-cab06ce8d333" testListId="8c84fa94-04c1-424b-9868-57a2d4851a1d" />
  </TestEntries>
  <Results>
    <UnitTestResult executionId="49b3420c-d87c-4725-823e-cab06ce8d333" testId="a1d6b078-0a41-0cd5-20c9-9302c73356d3" testName="TestUniquePoints" computerName="KHAN-PC" duration="00:00:00.1240913" startTime="2015-05-30T20:11:08.5647905+02:00" endTime="2015-05-30T20:11:09.3938379+02:00" testType="13cdc9d9-ddb5-4fa4-a97d-d965ccfc6d4b" outcome="Failed" testListId="8c84fa94-04c1-424b-9868-57a2d4851a1d" relativeResultsDirectory="49b3420c-d87c-4725-823e-cab06ce8d333">
      <Output>
        <ErrorInfo>
          <Message>Test method RobotCleanerTest.RobotEnvironmentTest.TestUniquePoints threw exception: 
System.OutOfMemoryException: Exception of type 'System.OutOfMemoryException' was thrown.</Message>
          <StackTrace>    at RobotCleaner.RobotEnvironment..ctor(Int32 x, Int32 y) in D:\JobTest\ConsoleApplication1\ConsoleApplication1\RobotEnvironment.cs:line 32
   at RobotCleanerTest.RobotEnvironmentTest.TestUniquePoints() in D:\JobTest\ConsoleApplication1\RobotCleanerTest\RobotEnvironmentTest.cs:line 35
</StackTrace>
        </ErrorInfo>
      </Output>
    </UnitTestResult>
  </Results>
</TestRun>