<?xml version="1.0" encoding="UTF-8"?>
<TestRun id="7cd44986-a760-4729-8e7e-585b0be6d82b" name="KHAN@KHAN-PC 2015-05-30 17:57:52" runUser="KHAN-PC\KHAN" xmlns="http://microsoft.com/schemas/VisualStudio/TeamTest/2010">
  <TestSettings name="Local" id="5b2c5f62-c616-40e7-acad-d2f1962650e4">
    <Description>These are default test settings for a local test run.</Description>
    <Deployment enabled="false" runDeploymentRoot="KHAN_KHAN-PC 2015-05-30 17_57_52">
      <DeploymentItem filename="D:\JobTest\ConsoleApplication1\ConsoleApplication1\bin\Debug\ConsoleApplication1.exe" />
    </Deployment>
    <Execution>
      <TestTypeSpecific />
      <AgentRule name="Execution Agents">
      </AgentRule>
    </Execution>
  </TestSettings>
  <Times creation="2015-05-30T17:57:52.3884354+02:00" queuing="2015-05-30T17:57:52.6144483+02:00" start="2015-05-30T17:57:52.6454501+02:00" finish="2015-05-30T17:57:53.8505190+02:00" />
  <ResultSummary outcome="Failed">
    <Counters total="10" executed="10" passed="4" error="0" failed="6" timeout="0" aborted="0" inconclusive="0" passedButRunAborted="0" notRunnable="0" notExecuted="0" disconnected="0" warning="0" completed="0" inProgress="0" pending="0" />
  </ResultSummary>
  <TestDefinitions>
    <UnitTest name="TestHeadEast" storage="d:\jobtest\consoleapplication1\robotcleanertest\bin\debug\robotcleanertest.dll" id="78e4ce9b-cecb-923e-75ac-997d32318f4b">
      <Execution id="ef6299a4-3630-45f3-9110-a03a2d3537c0" />
      <TestMethod codeBase="D:/JobTest/ConsoleApplication1/RobotCleanerTest/bin/Debug/RobotCleanerTest.DLL" adapterTypeName="Microsoft.VisualStudio.TestTools.TestTypes.Unit.UnitTestAdapter, Microsoft.VisualStudio.QualityTools.Tips.UnitTest.Adapter, Version=10.0.0.0, Culture=neutral, PublicKeyToken=b03f5f7f11d50a3a" className="RobotCleanerTest.RobotEnvironmentTest, RobotCleanerTest, Version=1.0.0.0, Culture=neutral, PublicKeyToken=null" name="TestHeadEast" />
    </UnitTest>
    <UnitTest name="TestRobotStartingPoint" storage="d:\jobtest\consoleapplication1\robotcleanertest\bin\debug\robotcleanertest.dll" id="478759fa-e84d-cd4c-e744-fb400b3bff29">
      <Execution id="70861792-b892-486e-ad13-5f5a947df681" />
      <TestMethod codeBase="D:/JobTest/ConsoleApplication1/RobotCleanerTest/bin/Debug/RobotCleanerTest.DLL" adapterTypeName="Microsoft.VisualStudio.TestTools.TestTypes.Unit.UnitTestAdapter, Microsoft.VisualStudio.QualityTools.Tips.UnitTest.Adapter, Version=10.0.0.0, Culture=neutral, PublicKeyToken=b03f5f7f11d50a3a" className="RobotCleanerTest.RobotEnvironmentTest, RobotCleanerTest, Version=1.0.0.0, Culture=neutral, PublicKeyToken=null" name="TestRobotStartingPoint" />
    </UnitTest>
    <UnitTest name="TestRobotConstructor" storage="d:\jobtest\consoleapplication1\robotcleanertest\bin\debug\robotcleanertest.dll" id="933bdbc8-18e3-5b98-7fb2-7ed8162b8c4b">
      <Execution id="c3ba03ea-ec78-4e32-85f7-5125cd3a13ff" />
      <TestMethod codeBase="D:/JobTest/ConsoleApplication1/RobotCleanerTest/bin/Debug/RobotCleanerTest.DLL" adapterTypeName="Microsoft.VisualStudio.TestTools.TestTypes.Unit.UnitTestAdapter, Microsoft.VisualStudio.QualityTools.Tips.UnitTest.Adapter, Version=10.0.0.0, Culture=neutral, PublicKeyToken=b03f5f7f11d50a3a" className="RobotCleanerTest.RobotTest, RobotCleanerTest, Version=1.0.0.0, Culture=neutral, PublicKeyToken=null" name="TestRobotConstructor" />
    </UnitTest>
    <UnitTest name="TestGetSet" storage="d:\jobtest\consoleapplication1\robotcleanertest\bin\debug\robotcleanertest.dll" id="d17f595f-a6f2-edbd-b424-22eac5c3b1e0">
      <Execution id="66a7682e-ea6c-474a-abe6-184784d77e55" />
      <TestMethod codeBase="D:/JobTest/ConsoleApplication1/RobotCleanerTest/bin/Debug/RobotCleanerTest.DLL" adapterTypeName="Microsoft.VisualStudio.TestTools.TestTypes.Unit.UnitTestAdapter, Microsoft.VisualStudio.QualityTools.Tips.UnitTest.Adapter, Version=10.0.0.0, Culture=neutral, PublicKeyToken=b03f5f7f11d50a3a" className="RobotCleanerTest.RobotTest, RobotCleanerTest, Version=1.0.0.0, Culture=neutral, PublicKeyToken=null" name="TestGetSet" />
    </UnitTest>
    <UnitTest name="TestIsValid" storage="d:\jobtest\consoleapplication1\robotcleanertest\bin\debug\robotcleanertest.dll" id="4cc8f9bb-ca7e-e860-8b38-e96f4ae03c44">
      <Execution id="05b8a53d-47cf-41b1-a602-3212bce6c754" />
      <TestMethod codeBase="D:/JobTest/ConsoleApplication1/RobotCleanerTest/bin/Debug/RobotCleanerTest.DLL" adapterTypeName="Microsoft.VisualStudio.TestTools.TestTypes.Unit.UnitTestAdapter, Microsoft.VisualStudio.QualityTools.Tips.UnitTest.Adapter, Version=10.0.0.0, Culture=neutral, PublicKeyToken=b03f5f7f11d50a3a" className="RobotCleanerTest.UserInputTest, RobotCleanerTest, Version=1.0.0.0, Culture=neutral, PublicKeyToken=null" name="TestIsValid" />
    </UnitTest>
    <UnitTest name="TestHeadWest" storage="d:\jobtest\consoleapplication1\robotcleanertest\bin\debug\robotcleanertest.dll" id="3705d86d-b764-32e9-49c3-40e90af23706">
      <Execution id="d657c014-f7d2-4287-9170-b7a1fba3b419" />
      <TestMethod codeBase="D:/JobTest/ConsoleApplication1/RobotCleanerTest/bin/Debug/RobotCleanerTest.DLL" adapterTypeName="Microsoft.VisualStudio.TestTools.TestTypes.Unit.UnitTestAdapter, Microsoft.VisualStudio.QualityTools.Tips.UnitTest.Adapter, Version=10.0.0.0, Culture=neutral, PublicKeyToken=b03f5f7f11d50a3a" className="RobotCleanerTest.RobotEnvironmentTest, RobotCleanerTest, Version=1.0.0.0, Culture=neutral, PublicKeyToken=null" name="TestHeadWest" />
    </UnitTest>
    <UnitTest name="TestHeadSouth" storage="d:\jobtest\consoleapplication1\robotcleanertest\bin\debug\robotcleanertest.dll" id="23f04516-95f5-5b1d-3158-e0a29697e3f0">
      <Execution id="f2486c26-a208-4df8-9e2f-50cd6fbe00c6" />
      <TestMethod codeBase="D:/JobTest/ConsoleApplication1/RobotCleanerTest/bin/Debug/RobotCleanerTest.DLL" adapterTypeName="Microsoft.VisualStudio.TestTools.TestTypes.Unit.UnitTestAdapter, Microsoft.VisualStudio.QualityTools.Tips.UnitTest.Adapter, Version=10.0.0.0, Culture=neutral, PublicKeyToken=b03f5f7f11d50a3a" className="RobotCleanerTest.RobotEnvironmentTest, RobotCleanerTest, Version=1.0.0.0, Culture=neutral, PublicKeyToken=null" name="TestHeadSouth" />
    </UnitTest>
    <UnitTest name="TestHeadNorth" storage="d:\jobtest\consoleapplication1\robotcleanertest\bin\debug\robotcleanertest.dll" id="2d9a1d25-94f8-96cb-1107-5460a65ecf03">
      <Execution id="886d7c09-a11d-4809-a2da-648b3b385f48" />
      <TestMethod codeBase="D:/JobTest/ConsoleApplication1/RobotCleanerTest/bin/Debug/RobotCleanerTest.DLL" adapterTypeName="Microsoft.VisualStudio.TestTools.TestTypes.Unit.UnitTestAdapter, Microsoft.VisualStudio.QualityTools.Tips.UnitTest.Adapter, Version=10.0.0.0, Culture=neutral, PublicKeyToken=b03f5f7f11d50a3a" className="RobotCleanerTest.RobotEnvironmentTest, RobotCleanerTest, Version=1.0.0.0, Culture=neutral, PublicKeyToken=null" name="TestHeadNorth" />
    </UnitTest>
    <UnitTest name="TestUniquePoints" storage="d:\jobtest\consoleapplication1\robotcleanertest\bin\debug\robotcleanertest.dll" id="a1d6b078-0a41-0cd5-20c9-9302c73356d3">
      <Execution id="82457023-168b-43ba-8010-33cc90907e5c" />
      <TestMethod codeBase="D:/JobTest/ConsoleApplication1/RobotCleanerTest/bin/Debug/RobotCleanerTest.DLL" adapterTypeName="Microsoft.VisualStudio.TestTools.TestTypes.Unit.UnitTestAdapter, Microsoft.VisualStudio.QualityTools.Tips.UnitTest.Adapter, Version=10.0.0.0, Culture=neutral, PublicKeyToken=b03f5f7f11d50a3a" className="RobotCleanerTest.RobotEnvironmentTest, RobotCleanerTest, Version=1.0.0.0, Culture=neutral, PublicKeyToken=null" name="TestUniquePoints" />
    </UnitTest>
    <UnitTest name="TestDirection" storage="d:\jobtest\consoleapplication1\robotcleanertest\bin\debug\robotcleanertest.dll" id="39cda155-5b1c-7acc-0f2d-25ec469f8c71">
      <Execution id="e47e3496-6dba-4871-9c5e-006fbd192d8b" />
      <TestMethod codeBase="D:/JobTest/ConsoleApplication1/RobotCleanerTest/bin/Debug/RobotCleanerTest.DLL" adapterTypeName="Microsoft.VisualStudio.TestTools.TestTypes.Unit.UnitTestAdapter, Microsoft.VisualStudio.QualityTools.Tips.UnitTest.Adapter, Version=10.0.0.0, Culture=neutral, PublicKeyToken=b03f5f7f11d50a3a" className="RobotCleanerTest.DirectionTest, RobotCleanerTest, Version=1.0.0.0, Culture=neutral, PublicKeyToken=null" name="TestDirection" />
    </UnitTest>
  </TestDefinitions>
  <TestLists>
    <TestList name="Results Not in a List" id="8c84fa94-04c1-424b-9868-57a2d4851a1d" />
    <TestList name="All Loaded Results" id="19431567-8539-422a-85d7-44ee4e166bda" />
  </TestLists>
  <TestEntries>
    <TestEntry testId="d17f595f-a6f2-edbd-b424-22eac5c3b1e0" executionId="66a7682e-ea6c-474a-abe6-184784d77e55" testListId="8c84fa94-04c1-424b-9868-57a2d4851a1d" />
    <TestEntry testId="933bdbc8-18e3-5b98-7fb2-7ed8162b8c4b" executionId="c3ba03ea-ec78-4e32-85f7-5125cd3a13ff" testListId="8c84fa94-04c1-424b-9868-57a2d4851a1d" />
    <TestEntry testId="4cc8f9bb-ca7e-e860-8b38-e96f4ae03c44" executionId="05b8a53d-47cf-41b1-a602-3212bce6c754" testListId="8c84fa94-04c1-424b-9868-57a2d4851a1d" />
    <TestEntry testId="39cda155-5b1c-7acc-0f2d-25ec469f8c71" executionId="e47e3496-6dba-4871-9c5e-006fbd192d8b" testListId="8c84fa94-04c1-424b-9868-57a2d4851a1d" />
    <TestEntry testId="478759fa-e84d-cd4c-e744-fb400b3bff29" executionId="70861792-b892-486e-ad13-5f5a947df681" testListId="8c84fa94-04c1-424b-9868-57a2d4851a1d" />
    <TestEntry testId="78e4ce9b-cecb-923e-75ac-997d32318f4b" executionId="ef6299a4-3630-45f3-9110-a03a2d3537c0" testListId="8c84fa94-04c1-424b-9868-57a2d4851a1d" />
    <TestEntry testId="3705d86d-b764-32e9-49c3-40e90af23706" executionId="d657c014-f7d2-4287-9170-b7a1fba3b419" testListId="8c84fa94-04c1-424b-9868-57a2d4851a1d" />
    <TestEntry testId="2d9a1d25-94f8-96cb-1107-5460a65ecf03" executionId="886d7c09-a11d-4809-a2da-648b3b385f48" testListId="8c84fa94-04c1-424b-9868-57a2d4851a1d" />
    <TestEntry testId="23f04516-95f5-5b1d-3158-e0a29697e3f0" executionId="f2486c26-a208-4df8-9e2f-50cd6fbe00c6" testListId="8c84fa94-04c1-424b-9868-57a2d4851a1d" />
    <TestEntry testId="a1d6b078-0a41-0cd5-20c9-9302c73356d3" executionId="82457023-168b-43ba-8010-33cc90907e5c" testListId="8c84fa94-04c1-424b-9868-57a2d4851a1d" />
  </TestEntries>
  <Results>
    <UnitTestResult executionId="66a7682e-ea6c-474a-abe6-184784d77e55" testId="d17f595f-a6f2-edbd-b424-22eac5c3b1e0" testName="TestGetSet" computerName="KHAN-PC" duration="00:00:00.0463226" startTime="2015-05-30T17:57:52.7174542+02:00" endTime="2015-05-30T17:57:53.4484960+02:00" testType="13cdc9d9-ddb5-4fa4-a97d-d965ccfc6d4b" outcome="Passed" testListId="8c84fa94-04c1-424b-9868-57a2d4851a1d" relativeResultsDirectory="66a7682e-ea6c-474a-abe6-184784d77e55">
    </UnitTestResult>
    <UnitTestResult executionId="c3ba03ea-ec78-4e32-85f7-5125cd3a13ff" testId="933bdbc8-18e3-5b98-7fb2-7ed8162b8c4b" testName="TestRobotConstructor" computerName="KHAN-PC" duration="00:00:00.0007224" startTime="2015-05-30T17:57:53.4644969+02:00" endTime="2015-05-30T17:57:53.4724974+02:00" testType="13cdc9d9-ddb5-4fa4-a97d-d965ccfc6d4b" outcome="Passed" testListId="8c84fa94-04c1-424b-9868-57a2d4851a1d" relativeResultsDirectory="c3ba03ea-ec78-4e32-85f7-5125cd3a13ff">
    </UnitTestResult>
    <UnitTestResult executionId="05b8a53d-47cf-41b1-a602-3212bce6c754" testId="4cc8f9bb-ca7e-e860-8b38-e96f4ae03c44" testName="TestIsValid" computerName="KHAN-PC" duration="00:00:00.0027332" startTime="2015-05-30T17:57:53.4864982+02:00" endTime="2015-05-30T17:57:53.4964987+02:00" testType="13cdc9d9-ddb5-4fa4-a97d-d965ccfc6d4b" outcome="Passed" testListId="8c84fa94-04c1-424b-9868-57a2d4851a1d" relativeResultsDirectory="05b8a53d-47cf-41b1-a602-3212bce6c754">
    </UnitTestResult>
    <UnitTestResult executionId="e47e3496-6dba-4871-9c5e-006fbd192d8b" testId="39cda155-5b1c-7acc-0f2d-25ec469f8c71" testName="TestDirection" computerName="KHAN-PC" duration="00:00:00.0019631" startTime="2015-05-30T17:57:53.5054992+02:00" endTime="2015-05-30T17:57:53.5154998+02:00" testType="13cdc9d9-ddb5-4fa4-a97d-d965ccfc6d4b" outcome="Passed" testListId="8c84fa94-04c1-424b-9868-57a2d4851a1d" relativeResultsDirectory="e47e3496-6dba-4871-9c5e-006fbd192d8b">
    </UnitTestResult>
    <UnitTestResult executionId="70861792-b892-486e-ad13-5f5a947df681" testId="478759fa-e84d-cd4c-e744-fb400b3bff29" testName="TestRobotStartingPoint" computerName="KHAN-PC" duration="00:00:00.0536699" startTime="2015-05-30T17:57:53.5295006+02:00" endTime="2015-05-30T17:57:53.5915042+02:00" testType="13cdc9d9-ddb5-4fa4-a97d-d965ccfc6d4b" outcome="Failed" testListId="8c84fa94-04c1-424b-9868-57a2d4851a1d" relativeResultsDirectory="70861792-b892-486e-ad13-5f5a947df681">
      <Output>
        <ErrorInfo>
          <Message>Test method RobotCleanerTest.RobotEnvironmentTest.TestRobotStartingPoint threw exception: 
System.OutOfMemoryException: Exception of type 'System.OutOfMemoryException' was thrown.</Message>
          <StackTrace>    at RobotCleaner.RobotEnvironment..ctor(Int32 x, Int32 y) in D:\JobTest\ConsoleApplication1\ConsoleApplication1\RobotEnvironment.cs:line 29
   at RobotCleanerTest.RobotEnvironmentTest.TestRobotStartingPoint() in D:\JobTest\ConsoleApplication1\RobotCleanerTest\RobotEnvironmentTest.cs:line 61
</StackTrace>
        </ErrorInfo>
      </Output>
    </UnitTestResult>
    <UnitTestResult executionId="ef6299a4-3630-45f3-9110-a03a2d3537c0" testId="78e4ce9b-cecb-923e-75ac-997d32318f4b" testName="TestHeadEast" computerName="KHAN-PC" duration="00:00:00.0743910" startTime="2015-05-30T17:57:53.6035049+02:00" endTime="2015-05-30T17:57:53.6845095+02:00" testType="13cdc9d9-ddb5-4fa4-a97d-d965ccfc6d4b" outcome="Failed" testListId="8c84fa94-04c1-424b-9868-57a2d4851a1d" relativeResultsDirectory="ef6299a4-3630-45f3-9110-a03a2d3537c0">
      <Output>
        <ErrorInfo>
          <Message>Test method RobotCleanerTest.RobotEnvironmentTest.TestHeadEast threw exception: 
System.OutOfMemoryException: Exception of type 'System.OutOfMemoryException' was thrown.</Message>
          <StackTrace>    at RobotCleaner.RobotEnvironment..ctor(Int32 x, Int32 y) in D:\JobTest\ConsoleApplication1\ConsoleApplication1\RobotEnvironment.cs:line 29
   at RobotCleanerTest.RobotEnvironmentTest.TestHeadEast() in D:\JobTest\ConsoleApplication1\RobotCleanerTest\RobotEnvironmentTest.cs:line 90
</StackTrace>
        </ErrorInfo>
      </Output>
    </UnitTestResult>
    <UnitTestResult executionId="d657c014-f7d2-4287-9170-b7a1fba3b419" testId="3705d86d-b764-32e9-49c3-40e90af23706" testName="TestHeadWest" computerName="KHAN-PC" duration="00:00:00.0054852" startTime="2015-05-30T17:57:53.6955101+02:00" endTime="2015-05-30T17:57:53.7095109+02:00" testType="13cdc9d9-ddb5-4fa4-a97d-d965ccfc6d4b" outcome="Failed" testListId="8c84fa94-04c1-424b-9868-57a2d4851a1d" relativeResultsDirectory="d657c014-f7d2-4287-9170-b7a1fba3b419">
      <Output>
        <ErrorInfo>
          <Message>Test method RobotCleanerTest.RobotEnvironmentTest.TestHeadWest threw exception: 
System.OutOfMemoryException: Exception of type 'System.OutOfMemoryException' was thrown.</Message>
          <StackTrace>    at RobotCleaner.RobotEnvironment..ctor(Int32 x, Int32 y) in D:\JobTest\ConsoleApplication1\ConsoleApplication1\RobotEnvironment.cs:line 29
   at RobotCleanerTest.RobotEnvironmentTest.TestHeadWest() in D:\JobTest\ConsoleApplication1\RobotCleanerTest\RobotEnvironmentTest.cs:line 115
</StackTrace>
        </ErrorInfo>
      </Output>
    </UnitTestResult>
    <UnitTestResult executionId="886d7c09-a11d-4809-a2da-648b3b385f48" testId="2d9a1d25-94f8-96cb-1107-5460a65ecf03" testName="TestHeadNorth" computerName="KHAN-PC" duration="00:00:00.0056531" startTime="2015-05-30T17:57:53.7185114+02:00" endTime="2015-05-30T17:57:53.7295121+02:00" testType="13cdc9d9-ddb5-4fa4-a97d-d965ccfc6d4b" outcome="Failed" testListId="8c84fa94-04c1-424b-9868-57a2d4851a1d" relativeResultsDirectory="886d7c09-a11d-4809-a2da-648b3b385f48">
      <Output>
        <ErrorInfo>
          <Message>Test method RobotCleanerTest.RobotEnvironmentTest.TestHeadNorth threw exception: 
System.OutOfMemoryException: Exception of type 'System.OutOfMemoryException' was thrown.</Message>
          <StackTrace>    at RobotCleaner.RobotEnvironment..ctor(Int32 x, Int32 y) in D:\JobTest\ConsoleApplication1\ConsoleApplication1\RobotEnvironment.cs:line 29
   at RobotCleanerTest.RobotEnvironmentTest.TestHeadNorth() in D:\JobTest\ConsoleApplication1\RobotCleanerTest\RobotEnvironmentTest.cs:line 140
</StackTrace>
        </ErrorInfo>
      </Output>
    </UnitTestResult>
    <UnitTestResult executionId="f2486c26-a208-4df8-9e2f-50cd6fbe00c6" testId="23f04516-95f5-5b1d-3158-e0a29697e3f0" testName="TestHeadSouth" computerName="KHAN-PC" duration="00:00:00.0052821" startTime="2015-05-30T17:57:53.7405127+02:00" endTime="2015-05-30T17:57:53.7525134+02:00" testType="13cdc9d9-ddb5-4fa4-a97d-d965ccfc6d4b" outcome="Failed" testListId="8c84fa94-04c1-424b-9868-57a2d4851a1d" relativeResultsDirectory="f2486c26-a208-4df8-9e2f-50cd6fbe00c6">
      <Output>
        <ErrorInfo>
          <Message>Test method RobotCleanerTest.RobotEnvironmentTest.TestHeadSouth threw exception: 
System.OutOfMemoryException: Exception of type 'System.OutOfMemoryException' was thrown.</Message>
          <StackTrace>    at RobotCleaner.RobotEnvironment..ctor(Int32 x, Int32 y) in D:\JobTest\ConsoleApplication1\ConsoleApplication1\RobotEnvironment.cs:line 29
   at RobotCleanerTest.RobotEnvironmentTest.TestHeadSouth() in D:\JobTest\ConsoleApplication1\RobotCleanerTest\RobotEnvironmentTest.cs:line 165
</StackTrace>
        </ErrorInfo>
      </Output>
    </UnitTestResult>
    <UnitTestResult executionId="82457023-168b-43ba-8010-33cc90907e5c" testId="a1d6b078-0a41-0cd5-20c9-9302c73356d3" testName="TestUniquePoints" computerName="KHAN-PC" duration="00:00:00.0063528" startTime="2015-05-30T17:57:53.7635140+02:00" endTime="2015-05-30T17:57:53.7745146+02:00" testType="13cdc9d9-ddb5-4fa4-a97d-d965ccfc6d4b" outcome="Failed" testListId="8c84fa94-04c1-424b-9868-57a2d4851a1d" relativeResultsDirectory="82457023-168b-43ba-8010-33cc90907e5c">
      <Output>
        <ErrorInfo>
          <Message>Test method RobotCleanerTest.RobotEnvironmentTest.TestUniquePoints threw exception: 
System.OutOfMemoryException: Exception of type 'System.OutOfMemoryException' was thrown.</Message>
          <StackTrace>    at RobotCleaner.RobotEnvironment..ctor(Int32 x, Int32 y) in D:\JobTest\ConsoleApplication1\ConsoleApplication1\RobotEnvironment.cs:line 29
   at RobotCleanerTest.RobotEnvironmentTest.TestUniquePoints() in D:\JobTest\ConsoleApplication1\RobotCleanerTest\RobotEnvironmentTest.cs:line 21
</StackTrace>
        </ErrorInfo>
      </Output>
    </UnitTestResult>
  </Results>
</TestRun>